2025-07-29 16:10:58,783 (INFO) - django.utils.autoreload - Watching for file changes with StatReloader
2025-07-29 16:11:01,784 (WARNING) - django.request - Not Found: /favicon.ico
2025-07-29 16:11:08,826 (ERROR) - django.request - Internal Server Error: /playground/hello/
Traceback (most recent call last):
  File "/Users/mdahmedking6/.local/share/virtualenvs/DjangoWork-KunsKbz5/lib/python3.13/site-packages/django_redis/cache.py", line 29, in _decorator
    return method(self, *args, **kwargs)
  File "/Users/mdahmedking6/.local/share/virtualenvs/DjangoWork-KunsKbz5/lib/python3.13/site-packages/django_redis/cache.py", line 99, in _get
    return self.client.get(key, default=default, version=version, client=client)
           ~~~~~~~~~~~~~~~^^^^^^^^^^^^^^^^^^^^^^^^^^^^^^^^^^^^^^^^^^^^^^^^^^^^^^
  File "/Users/mdahmedking6/.local/share/virtualenvs/DjangoWork-KunsKbz5/lib/python3.13/site-packages/django_redis/client/default.py", line 300, in get
    raise ConnectionInterrupted(connection=client) from e
django_redis.exceptions.ConnectionInterrupted: Redis ConnectionError: Error 61 connecting to 127.0.0.1:6379. Connection refused.

During handling of the above exception, another exception occurred:

Traceback (most recent call last):
  File "/Users/mdahmedking6/.local/share/virtualenvs/DjangoWork-KunsKbz5/lib/python3.13/site-packages/django/core/handlers/exception.py", line 55, in inner
    response = get_response(request)
  File "/Users/mdahmedking6/.local/share/virtualenvs/DjangoWork-KunsKbz5/lib/python3.13/site-packages/django/core/handlers/base.py", line 197, in _get_response
    response = wrapped_callback(request, *callback_args, **callback_kwargs)
  File "/Users/mdahmedking6/.local/share/virtualenvs/DjangoWork-KunsKbz5/lib/python3.13/site-packages/django/views/decorators/csrf.py", line 65, in _view_wrapper
    return view_func(request, *args, **kwargs)
  File "/Users/mdahmedking6/.local/share/virtualenvs/DjangoWork-KunsKbz5/lib/python3.13/site-packages/django/views/generic/base.py", line 105, in view
    return self.dispatch(request, *args, **kwargs)
           ~~~~~~~~~~~~~^^^^^^^^^^^^^^^^^^^^^^^^^^
  File "/Users/mdahmedking6/.local/share/virtualenvs/DjangoWork-KunsKbz5/lib/python3.13/site-packages/rest_framework/views.py", line 515, in dispatch
    response = self.handle_exception(exc)
  File "/Users/mdahmedking6/.local/share/virtualenvs/DjangoWork-KunsKbz5/lib/python3.13/site-packages/rest_framework/views.py", line 475, in handle_exception
    self.raise_uncaught_exception(exc)
    ~~~~~~~~~~~~~~~~~~~~~~~~~~~~~^^^^^
  File "/Users/mdahmedking6/.local/share/virtualenvs/DjangoWork-KunsKbz5/lib/python3.13/site-packages/rest_framework/views.py", line 486, in raise_uncaught_exception
    raise exc
  File "/Users/mdahmedking6/.local/share/virtualenvs/DjangoWork-KunsKbz5/lib/python3.13/site-packages/rest_framework/views.py", line 512, in dispatch
    response = handler(request, *args, **kwargs)
  File "/Users/mdahmedking6/.local/share/virtualenvs/DjangoWork-KunsKbz5/lib/python3.13/site-packages/django/utils/decorators.py", line 48, in _wrapper
    return bound_method(*args, **kwargs)
  File "/Users/mdahmedking6/.local/share/virtualenvs/DjangoWork-KunsKbz5/lib/python3.13/site-packages/django/utils/decorators.py", line 185, in _view_wrapper
    result = _pre_process_request(request, *args, **kwargs)
  File "/Users/mdahmedking6/.local/share/virtualenvs/DjangoWork-KunsKbz5/lib/python3.13/site-packages/django/utils/decorators.py", line 131, in _pre_process_request
    result = middleware.process_request(request)
  File "/Users/mdahmedking6/.local/share/virtualenvs/DjangoWork-KunsKbz5/lib/python3.13/site-packages/django/middleware/cache.py", line 161, in process_request
    cache_key = get_cache_key(request, self.key_prefix, "GET", cache=self.cache)
  File "/Users/mdahmedking6/.local/share/virtualenvs/DjangoWork-KunsKbz5/lib/python3.13/site-packages/django/utils/cache.py", line 392, in get_cache_key
    headerlist = cache.get(cache_key)
  File "/Users/mdahmedking6/.local/share/virtualenvs/DjangoWork-KunsKbz5/lib/python3.13/site-packages/debug_toolbar/panels/cache.py", line 42, in wrapper
    return panel._record_call(cache, name, original_method, args, kwargs)
           ~~~~~~~~~~~~~~~~~~^^^^^^^^^^^^^^^^^^^^^^^^^^^^^^^^^^^^^^^^^^^^
  File "/Users/mdahmedking6/.local/share/virtualenvs/DjangoWork-KunsKbz5/lib/python3.13/site-packages/debug_toolbar/panels/cache.py", line 151, in _record_call
    value = original_method(*args, **kwargs)
  File "/Users/mdahmedking6/.local/share/virtualenvs/DjangoWork-KunsKbz5/lib/python3.13/site-packages/django_redis/cache.py", line 92, in get
    value = self._get(key, default, version, client)
  File "/Users/mdahmedking6/.local/share/virtualenvs/DjangoWork-KunsKbz5/lib/python3.13/site-packages/django_redis/cache.py", line 36, in _decorator
    raise e.__cause__  # noqa: B904
    ^^^^^^^^^^^^^^^^^
  File "/Users/mdahmedking6/.local/share/virtualenvs/DjangoWork-KunsKbz5/lib/python3.13/site-packages/django_redis/client/default.py", line 298, in get
    value = client.get(key)
  File "/Users/mdahmedking6/.local/share/virtualenvs/DjangoWork-KunsKbz5/lib/python3.13/site-packages/redis/commands/core.py", line 1829, in get
    return self.execute_command("GET", name, keys=[name])
           ~~~~~~~~~~~~~~~~~~~~^^^^^^^^^^^^^^^^^^^^^^^^^^
  File "/Users/mdahmedking6/.local/share/virtualenvs/DjangoWork-KunsKbz5/lib/python3.13/site-packages/redis/client.py", line 623, in execute_command
    return self._execute_command(*args, **options)
           ~~~~~~~~~~~~~~~~~~~~~^^^^^^^^^^^^^^^^^^
  File "/Users/mdahmedking6/.local/share/virtualenvs/DjangoWork-KunsKbz5/lib/python3.13/site-packages/redis/client.py", line 629, in _execute_command
    conn = self.connection or pool.get_connection()
                              ~~~~~~~~~~~~~~~~~~~^^
  File "/Users/mdahmedking6/.local/share/virtualenvs/DjangoWork-KunsKbz5/lib/python3.13/site-packages/redis/utils.py", line 191, in wrapper
    return func(*args, **kwargs)
  File "/Users/mdahmedking6/.local/share/virtualenvs/DjangoWork-KunsKbz5/lib/python3.13/site-packages/redis/connection.py", line 1530, in get_connection
    connection.connect()
    ~~~~~~~~~~~~~~~~~~^^
  File "/Users/mdahmedking6/.local/share/virtualenvs/DjangoWork-KunsKbz5/lib/python3.13/site-packages/redis/connection.py", line 379, in connect
    self.connect_check_health(check_health=True)
    ~~~~~~~~~~~~~~~~~~~~~~~~~^^^^^^^^^^^^^^^^^^^
  File "/Users/mdahmedking6/.local/share/virtualenvs/DjangoWork-KunsKbz5/lib/python3.13/site-packages/redis/connection.py", line 391, in connect_check_health
    raise ConnectionError(self._error_message(e))
redis.exceptions.ConnectionError: Error 61 connecting to 127.0.0.1:6379. Connection refused.
2025-07-29 16:11:39,308 (INFO) - django.utils.autoreload - /Users/mdahmedking6/DjangoWork/playground/views.py changed, reloading.
2025-07-29 16:11:39,574 (INFO) - django.utils.autoreload - Watching for file changes with StatReloader
2025-07-29 16:11:39,963 (INFO) - playground.views - Calling httpbin
2025-07-29 16:11:44,051 (INFO) - playground.views - Received the response
2025-07-29 16:12:32,361 (INFO) - django.utils.autoreload - /Users/mdahmedking6/DjangoWork/playground/views.py changed, reloading.
2025-07-29 16:12:32,668 (INFO) - django.utils.autoreload - Watching for file changes with StatReloader
2025-08-07 15:08:51,443 (WARNING) - silk.profiling.profiler - Cannot execute silk_profile as silk is not installed correctly.
2025-08-07 15:09:25,364 (WARNING) - silk.profiling.profiler - Cannot execute silk_profile as silk is not installed correctly.
2025-08-07 15:10:18,083 (WARNING) - silk.profiling.profiler - Cannot execute silk_profile as silk is not installed correctly.
2025-08-07 15:14:42,915 (WARNING) - silk.profiling.profiler - Cannot execute silk_profile as silk is not installed correctly.
2025-08-07 15:14:55,070 (WARNING) - silk.profiling.profiler - Cannot execute silk_profile as silk is not installed correctly.
2025-08-07 15:14:58,513 (WARNING) - silk.profiling.profiler - Cannot execute silk_profile as silk is not installed correctly.
2025-08-07 15:15:10,077 (WARNING) - silk.profiling.profiler - Cannot execute silk_profile as silk is not installed correctly.
2025-08-07 15:15:18,598 (WARNING) - silk.profiling.profiler - Cannot execute silk_profile as silk is not installed correctly.
2025-08-07 15:38:04,600 (WARNING) - silk.profiling.profiler - Cannot execute silk_profile as silk is not installed correctly.
2025-08-07 15:39:43,964 (WARNING) - django.request - Unauthorized: /store/collection/
2025-08-07 15:39:43,984 (WARNING) - django.request - Forbidden: /store/collection/
2025-08-07 15:39:44,002 (WARNING) - django.request - Bad Request: /store/collection/
2025-08-07 15:39:44,117 (WARNING) - django.request - Not Found: /store/collection/9999/
2025-08-07 15:39:44,136 (WARNING) - django.request - Unauthorized: /store/product/
2025-08-07 15:39:44,154 (WARNING) - django.request - Forbidden: /store/product/
2025-08-07 15:39:44,175 (WARNING) - django.request - Bad Request: /store/product/
2025-08-07 15:39:44,246 (WARNING) - django.request - Not Found: /store/product/9999/
2025-08-07 17:16:19,752 (WARNING) - silk.profiling.profiler - Cannot execute silk_profile as silk is not installed correctly.
2025-08-07 17:16:26,451 (WARNING) - django.request - Unauthorized: /store/collection/
2025-08-07 17:16:26,476 (WARNING) - django.request - Forbidden: /store/collection/
2025-08-07 17:16:26,502 (WARNING) - django.request - Bad Request: /store/collection/
2025-08-07 17:16:26,621 (WARNING) - django.request - Not Found: /store/collection/9999/
2025-08-07 17:16:26,640 (WARNING) - django.request - Unauthorized: /store/product/
2025-08-07 17:16:26,659 (WARNING) - django.request - Forbidden: /store/product/
2025-08-07 17:16:26,680 (WARNING) - django.request - Bad Request: /store/product/
2025-08-07 17:16:26,756 (WARNING) - django.request - Not Found: /store/product/9999/
2025-08-07 17:16:32,698 (INFO) - django.utils.autoreload - Watching for file changes with StatReloader
2025-08-07 17:16:32,770 (WARNING) - silk.profiling.profiler - Cannot execute silk_profile as silk is not installed correctly.
2025-08-07 17:47:30,919 (WARNING) - django.request - Unauthorized: /store/collection/
2025-08-07 17:47:30,938 (WARNING) - django.request - Forbidden: /store/collection/
2025-08-07 17:47:30,956 (WARNING) - django.request - Bad Request: /store/collection/
2025-08-07 17:47:31,074 (WARNING) - django.request - Not Found: /store/collection/9999/
2025-08-07 17:47:31,092 (WARNING) - django.request - Unauthorized: /store/product/
2025-08-07 17:47:31,110 (WARNING) - django.request - Forbidden: /store/product/
2025-08-07 17:47:31,131 (WARNING) - django.request - Bad Request: /store/product/
2025-08-07 17:47:31,202 (WARNING) - django.request - Not Found: /store/product/9999/
2025-08-07 18:07:20,301 (INFO) - django.utils.autoreload - Watching for file changes with StatReloader
2025-08-07 18:07:20,384 (WARNING) - silk.profiling.profiler - Cannot execute silk_profile as silk is not installed correctly.
2025-08-07 18:07:28,873 (WARNING) - django.request - Unauthorized: /store/collection/
2025-08-07 18:07:28,892 (WARNING) - django.request - Forbidden: /store/collection/
2025-08-07 18:07:28,910 (WARNING) - django.request - Bad Request: /store/collection/
2025-08-07 18:07:29,021 (WARNING) - django.request - Not Found: /store/collection/9999/
2025-08-07 18:07:29,039 (WARNING) - django.request - Unauthorized: /store/product/
2025-08-07 18:07:29,058 (WARNING) - django.request - Forbidden: /store/product/
2025-08-07 18:07:29,079 (WARNING) - django.request - Bad Request: /store/product/
2025-08-07 18:07:29,155 (WARNING) - django.request - Not Found: /store/product/9999/
2025-08-07 18:13:44,941 (INFO) - django.utils.autoreload - Watching for file changes with StatReloader
2025-08-07 18:13:45,011 (WARNING) - silk.profiling.profiler - Cannot execute silk_profile as silk is not installed correctly.
2025-08-07 18:14:27,409 (INFO) - django.utils.autoreload - Watching for file changes with StatReloader
2025-08-07 18:14:27,479 (WARNING) - silk.profiling.profiler - Cannot execute silk_profile as silk is not installed correctly.
2025-08-08 12:18:07,760 (INFO) - django.utils.autoreload - Watching for file changes with StatReloader
2025-08-08 12:18:07,858 (WARNING) - silk.profiling.profiler - Cannot execute silk_profile as silk is not installed correctly.
2025-08-08 19:17:39,866 (INFO) - django.utils.autoreload - Watching for file changes with StatReloader
2025-08-08 19:17:40,068 (WARNING) - silk.profiling.profiler - Cannot execute silk_profile as silk is not installed correctly.
2025-08-08 19:17:44,421 (WARNING) - django.request - Unauthorized: /store/collection/
2025-08-08 19:17:44,440 (WARNING) - django.request - Forbidden: /store/collection/
2025-08-08 19:17:44,458 (WARNING) - django.request - Bad Request: /store/collection/
2025-08-08 19:17:44,571 (WARNING) - django.request - Not Found: /store/collection/9999/
2025-08-08 19:17:44,589 (WARNING) - django.request - Unauthorized: /store/product/
2025-08-08 19:17:44,608 (WARNING) - django.request - Forbidden: /store/product/
2025-08-08 19:17:44,629 (WARNING) - django.request - Bad Request: /store/product/
2025-08-08 19:17:44,703 (WARNING) - django.request - Not Found: /store/product/9999/
2025-08-08 19:19:31,927 (INFO) - django.utils.autoreload - Watching for file changes with StatReloader
2025-08-08 19:19:32,006 (WARNING) - silk.profiling.profiler - Cannot execute silk_profile as silk is not installed correctly.
2025-08-08 19:22:58,029 (WARNING) - silk.profiling.profiler - Cannot execute silk_profile as silk is not installed correctly.
2025-08-08 19:23:21,741 (WARNING) - silk.profiling.profiler - Cannot execute silk_profile as silk is not installed correctly.
2025-08-08 19:23:39,107 (WARNING) - silk.profiling.profiler - Cannot execute silk_profile as silk is not installed correctly.
2025-08-08 19:26:58,554 (WARNING) - django.request - Unauthorized: /store/collection/
2025-08-08 19:26:58,572 (WARNING) - django.request - Forbidden: /store/collection/
2025-08-08 19:26:58,591 (WARNING) - django.request - Bad Request: /store/collection/
2025-08-08 19:26:58,697 (WARNING) - django.request - Not Found: /store/collection/9999/
2025-08-08 19:26:58,715 (WARNING) - django.request - Unauthorized: /store/product/
2025-08-08 19:26:58,735 (WARNING) - django.request - Forbidden: /store/product/
2025-08-08 19:26:58,755 (WARNING) - django.request - Bad Request: /store/product/
2025-08-08 19:26:58,829 (WARNING) - django.request - Not Found: /store/product/9999/
2025-08-08 19:27:11,700 (WARNING) - django.request - Unauthorized: /store/collection/
2025-08-08 19:27:11,723 (WARNING) - django.request - Forbidden: /store/collection/
2025-08-08 19:27:11,756 (WARNING) - django.request - Bad Request: /store/collection/
2025-08-08 19:27:11,863 (WARNING) - django.request - Not Found: /store/collection/9999/
2025-08-08 19:27:11,883 (WARNING) - django.request - Unauthorized: /store/product/
2025-08-08 19:27:11,906 (WARNING) - django.request - Forbidden: /store/product/
2025-08-08 19:27:11,926 (WARNING) - django.request - Bad Request: /store/product/
2025-08-08 19:27:12,001 (WARNING) - django.request - Not Found: /store/product/9999/
2025-08-08 19:27:28,956 (WARNING) - django.request - Unauthorized: /store/collection/
2025-08-08 19:27:28,975 (WARNING) - django.request - Forbidden: /store/collection/
2025-08-08 19:27:28,994 (WARNING) - django.request - Bad Request: /store/collection/
2025-08-08 19:27:29,099 (WARNING) - django.request - Not Found: /store/collection/9999/
2025-08-08 19:27:29,117 (WARNING) - django.request - Unauthorized: /store/product/
2025-08-08 19:27:29,138 (WARNING) - django.request - Forbidden: /store/product/
2025-08-08 19:27:29,158 (WARNING) - django.request - Bad Request: /store/product/
2025-08-08 19:27:29,233 (WARNING) - django.request - Not Found: /store/product/9999/
2025-08-09 08:50:13,681 (WARNING) - silk.profiling.profiler - Cannot execute silk_profile as silk is not installed correctly.
2025-08-09 09:45:21,037 (WARNING) - silk.profiling.profiler - Cannot execute silk_profile as silk is not installed correctly.
2025-08-09 12:36:27,004 (WARNING) - silk.profiling.profiler - Cannot execute silk_profile as silk is not installed correctly.
2025-08-09 12:36:31,674 (WARNING) - django.request - Unauthorized: /store/collection/
2025-08-09 12:36:31,693 (WARNING) - django.request - Forbidden: /store/collection/
2025-08-09 12:36:31,711 (WARNING) - django.request - Bad Request: /store/collection/
2025-08-09 12:36:31,823 (WARNING) - django.request - Not Found: /store/collection/9999/
2025-08-09 12:36:31,841 (WARNING) - django.request - Unauthorized: /store/product/
2025-08-09 12:36:31,860 (WARNING) - django.request - Forbidden: /store/product/
2025-08-09 12:36:31,881 (WARNING) - django.request - Bad Request: /store/product/
2025-08-09 12:36:31,956 (WARNING) - django.request - Not Found: /store/product/9999/
2025-08-11 10:29:29,114 (INFO) - django.utils.autoreload - Watching for file changes with StatReloader
2025-08-11 10:29:31,191 (WARNING) - silk.profiling.profiler - Cannot execute silk_profile as silk is not installed correctly.
2025-08-11 10:29:33,343 (WARNING) - django.request - Not Found: /favicon.ico
2025-08-11 10:29:47,311 (WARNING) - django.request - Not Found: /product/6/recommendation
2025-08-11 10:29:57,034 (WARNING) - django.request - Not Found: /store/product/6/recommendation
2025-08-11 10:30:16,459 (WARNING) - django.request - Not Found: /store/product/6/recommendation
2025-08-11 17:59:09,503 (INFO) - django.utils.autoreload - Watching for file changes with StatReloader
2025-08-11 17:59:10,559 (WARNING) - silk.profiling.profiler - Cannot execute silk_profile as silk is not installed correctly.
2025-08-11 17:59:20,952 (ERROR) - django.request - Internal Server Error: /store/product/6/recommendations/
Traceback (most recent call last):
  File "/Users/mdahmedking6/.local/share/virtualenvs/DjangoWork-KunsKbz5/lib/python3.13/site-packages/django_redis/cache.py", line 29, in _decorator
    return method(self, *args, **kwargs)
  File "/Users/mdahmedking6/.local/share/virtualenvs/DjangoWork-KunsKbz5/lib/python3.13/site-packages/django_redis/cache.py", line 99, in _get
    return self.client.get(key, default=default, version=version, client=client)
           ~~~~~~~~~~~~~~~^^^^^^^^^^^^^^^^^^^^^^^^^^^^^^^^^^^^^^^^^^^^^^^^^^^^^^
  File "/Users/mdahmedking6/.local/share/virtualenvs/DjangoWork-KunsKbz5/lib/python3.13/site-packages/django_redis/client/default.py", line 300, in get
    raise ConnectionInterrupted(connection=client) from e
django_redis.exceptions.ConnectionInterrupted: Redis ConnectionError: Error 61 connecting to 127.0.0.1:6379. Connection refused.

During handling of the above exception, another exception occurred:

Traceback (most recent call last):
  File "/Users/mdahmedking6/.local/share/virtualenvs/DjangoWork-KunsKbz5/lib/python3.13/site-packages/django/core/handlers/exception.py", line 55, in inner
    response = get_response(request)
  File "/Users/mdahmedking6/.local/share/virtualenvs/DjangoWork-KunsKbz5/lib/python3.13/site-packages/django/core/handlers/base.py", line 197, in _get_response
    response = wrapped_callback(request, *callback_args, **callback_kwargs)
  File "/Users/mdahmedking6/.local/share/virtualenvs/DjangoWork-KunsKbz5/lib/python3.13/site-packages/django/views/decorators/csrf.py", line 65, in _view_wrapper
    return view_func(request, *args, **kwargs)
  File "/Users/mdahmedking6/.local/share/virtualenvs/DjangoWork-KunsKbz5/lib/python3.13/site-packages/rest_framework/viewsets.py", line 125, in view
    return self.dispatch(request, *args, **kwargs)
           ~~~~~~~~~~~~~^^^^^^^^^^^^^^^^^^^^^^^^^^
  File "/Users/mdahmedking6/.local/share/virtualenvs/DjangoWork-KunsKbz5/lib/python3.13/site-packages/rest_framework/views.py", line 515, in dispatch
    response = self.handle_exception(exc)
  File "/Users/mdahmedking6/.local/share/virtualenvs/DjangoWork-KunsKbz5/lib/python3.13/site-packages/rest_framework/views.py", line 475, in handle_exception
    self.raise_uncaught_exception(exc)
    ~~~~~~~~~~~~~~~~~~~~~~~~~~~~~^^^^^
  File "/Users/mdahmedking6/.local/share/virtualenvs/DjangoWork-KunsKbz5/lib/python3.13/site-packages/rest_framework/views.py", line 486, in raise_uncaught_exception
    raise exc
  File "/Users/mdahmedking6/.local/share/virtualenvs/DjangoWork-KunsKbz5/lib/python3.13/site-packages/rest_framework/views.py", line 512, in dispatch
    response = handler(request, *args, **kwargs)
  File "/Users/mdahmedking6/DjangoWork/store/views.py", line 78, in recommendations
    version = cache.get("recs_version", 1)
  File "/Users/mdahmedking6/.local/share/virtualenvs/DjangoWork-KunsKbz5/lib/python3.13/site-packages/debug_toolbar/panels/cache.py", line 42, in wrapper
    return panel._record_call(cache, name, original_method, args, kwargs)
           ~~~~~~~~~~~~~~~~~~^^^^^^^^^^^^^^^^^^^^^^^^^^^^^^^^^^^^^^^^^^^^
  File "/Users/mdahmedking6/.local/share/virtualenvs/DjangoWork-KunsKbz5/lib/python3.13/site-packages/debug_toolbar/panels/cache.py", line 151, in _record_call
    value = original_method(*args, **kwargs)
  File "/Users/mdahmedking6/.local/share/virtualenvs/DjangoWork-KunsKbz5/lib/python3.13/site-packages/django_redis/cache.py", line 92, in get
    value = self._get(key, default, version, client)
  File "/Users/mdahmedking6/.local/share/virtualenvs/DjangoWork-KunsKbz5/lib/python3.13/site-packages/django_redis/cache.py", line 36, in _decorator
    raise e.__cause__  # noqa: B904
    ^^^^^^^^^^^^^^^^^
  File "/Users/mdahmedking6/.local/share/virtualenvs/DjangoWork-KunsKbz5/lib/python3.13/site-packages/django_redis/client/default.py", line 298, in get
    value = client.get(key)
  File "/Users/mdahmedking6/.local/share/virtualenvs/DjangoWork-KunsKbz5/lib/python3.13/site-packages/redis/commands/core.py", line 1829, in get
    return self.execute_command("GET", name, keys=[name])
           ~~~~~~~~~~~~~~~~~~~~^^^^^^^^^^^^^^^^^^^^^^^^^^
  File "/Users/mdahmedking6/.local/share/virtualenvs/DjangoWork-KunsKbz5/lib/python3.13/site-packages/redis/client.py", line 623, in execute_command
    return self._execute_command(*args, **options)
           ~~~~~~~~~~~~~~~~~~~~~^^^^^^^^^^^^^^^^^^
  File "/Users/mdahmedking6/.local/share/virtualenvs/DjangoWork-KunsKbz5/lib/python3.13/site-packages/redis/client.py", line 629, in _execute_command
    conn = self.connection or pool.get_connection()
                              ~~~~~~~~~~~~~~~~~~~^^
  File "/Users/mdahmedking6/.local/share/virtualenvs/DjangoWork-KunsKbz5/lib/python3.13/site-packages/redis/utils.py", line 191, in wrapper
    return func(*args, **kwargs)
  File "/Users/mdahmedking6/.local/share/virtualenvs/DjangoWork-KunsKbz5/lib/python3.13/site-packages/redis/connection.py", line 1530, in get_connection
    connection.connect()
    ~~~~~~~~~~~~~~~~~~^^
  File "/Users/mdahmedking6/.local/share/virtualenvs/DjangoWork-KunsKbz5/lib/python3.13/site-packages/redis/connection.py", line 379, in connect
    self.connect_check_health(check_health=True)
    ~~~~~~~~~~~~~~~~~~~~~~~~~^^^^^^^^^^^^^^^^^^^
  File "/Users/mdahmedking6/.local/share/virtualenvs/DjangoWork-KunsKbz5/lib/python3.13/site-packages/redis/connection.py", line 391, in connect_check_health
    raise ConnectionError(self._error_message(e))
redis.exceptions.ConnectionError: Error 61 connecting to 127.0.0.1:6379. Connection refused.
2025-08-12 11:13:55,857 (INFO) - django.utils.autoreload - Watching for file changes with StatReloader
2025-08-12 11:13:57,921 (WARNING) - silk.profiling.profiler - Cannot execute silk_profile as silk is not installed correctly.
2025-08-12 11:13:59,860 (WARNING) - django.request - Not Found: /favicon.ico
2025-08-12 16:21:36,757 (INFO) - django.utils.autoreload - Watching for file changes with StatReloader
2025-08-12 16:21:37,815 (WARNING) - silk.profiling.profiler - Cannot execute silk_profile as silk is not installed correctly.
2025-08-12 16:22:03,943 (ERROR) - django.request - Internal Server Error: /store/product/6/recommendations/
Traceback (most recent call last):
  File "/Users/mdahmedking6/.local/share/virtualenvs/DjangoWork-KunsKbz5/lib/python3.13/site-packages/django/core/handlers/exception.py", line 55, in inner
    response = get_response(request)
  File "/Users/mdahmedking6/.local/share/virtualenvs/DjangoWork-KunsKbz5/lib/python3.13/site-packages/django/core/handlers/base.py", line 197, in _get_response
    response = wrapped_callback(request, *callback_args, **callback_kwargs)
  File "/Users/mdahmedking6/.local/share/virtualenvs/DjangoWork-KunsKbz5/lib/python3.13/site-packages/django/views/decorators/csrf.py", line 65, in _view_wrapper
    return view_func(request, *args, **kwargs)
  File "/Users/mdahmedking6/.local/share/virtualenvs/DjangoWork-KunsKbz5/lib/python3.13/site-packages/rest_framework/viewsets.py", line 125, in view
    return self.dispatch(request, *args, **kwargs)
           ~~~~~~~~~~~~~^^^^^^^^^^^^^^^^^^^^^^^^^^
  File "/Users/mdahmedking6/.local/share/virtualenvs/DjangoWork-KunsKbz5/lib/python3.13/site-packages/rest_framework/views.py", line 515, in dispatch
    response = self.handle_exception(exc)
  File "/Users/mdahmedking6/.local/share/virtualenvs/DjangoWork-KunsKbz5/lib/python3.13/site-packages/rest_framework/views.py", line 475, in handle_exception
    self.raise_uncaught_exception(exc)
    ~~~~~~~~~~~~~~~~~~~~~~~~~~~~~^^^^^
  File "/Users/mdahmedking6/.local/share/virtualenvs/DjangoWork-KunsKbz5/lib/python3.13/site-packages/rest_framework/views.py", line 486, in raise_uncaught_exception
    raise exc
  File "/Users/mdahmedking6/.local/share/virtualenvs/DjangoWork-KunsKbz5/lib/python3.13/site-packages/rest_framework/views.py", line 512, in dispatch
    response = handler(request, *args, **kwargs)
  File "/Users/mdahmedking6/DjangoWork/store/views.py", line 84, in recommendations
    return Response({"products_you_may_like": titles})
                                              ^^^^^^
UnboundLocalError: cannot access local variable 'titles' where it is not associated with a value
2025-08-12 16:22:12,434 (ERROR) - django.request - Internal Server Error: /store/product/6/recommendations/
Traceback (most recent call last):
  File "/Users/mdahmedking6/.local/share/virtualenvs/DjangoWork-KunsKbz5/lib/python3.13/site-packages/django/core/handlers/exception.py", line 55, in inner
    response = get_response(request)
  File "/Users/mdahmedking6/.local/share/virtualenvs/DjangoWork-KunsKbz5/lib/python3.13/site-packages/django/core/handlers/base.py", line 197, in _get_response
    response = wrapped_callback(request, *callback_args, **callback_kwargs)
  File "/Users/mdahmedking6/.local/share/virtualenvs/DjangoWork-KunsKbz5/lib/python3.13/site-packages/django/views/decorators/csrf.py", line 65, in _view_wrapper
    return view_func(request, *args, **kwargs)
  File "/Users/mdahmedking6/.local/share/virtualenvs/DjangoWork-KunsKbz5/lib/python3.13/site-packages/rest_framework/viewsets.py", line 125, in view
    return self.dispatch(request, *args, **kwargs)
           ~~~~~~~~~~~~~^^^^^^^^^^^^^^^^^^^^^^^^^^
  File "/Users/mdahmedking6/.local/share/virtualenvs/DjangoWork-KunsKbz5/lib/python3.13/site-packages/rest_framework/views.py", line 515, in dispatch
    response = self.handle_exception(exc)
  File "/Users/mdahmedking6/.local/share/virtualenvs/DjangoWork-KunsKbz5/lib/python3.13/site-packages/rest_framework/views.py", line 475, in handle_exception
    self.raise_uncaught_exception(exc)
    ~~~~~~~~~~~~~~~~~~~~~~~~~~~~~^^^^^
  File "/Users/mdahmedking6/.local/share/virtualenvs/DjangoWork-KunsKbz5/lib/python3.13/site-packages/rest_framework/views.py", line 486, in raise_uncaught_exception
    raise exc
  File "/Users/mdahmedking6/.local/share/virtualenvs/DjangoWork-KunsKbz5/lib/python3.13/site-packages/rest_framework/views.py", line 512, in dispatch
    response = handler(request, *args, **kwargs)
  File "/Users/mdahmedking6/DjangoWork/store/views.py", line 84, in recommendations
    return Response({"products_you_may_like": titles})
                                              ^^^^^^
UnboundLocalError: cannot access local variable 'titles' where it is not associated with a value
2025-08-12 16:22:13,498 (ERROR) - django.request - Internal Server Error: /store/product/6/recommendations/
Traceback (most recent call last):
  File "/Users/mdahmedking6/.local/share/virtualenvs/DjangoWork-KunsKbz5/lib/python3.13/site-packages/django/core/handlers/exception.py", line 55, in inner
    response = get_response(request)
  File "/Users/mdahmedking6/.local/share/virtualenvs/DjangoWork-KunsKbz5/lib/python3.13/site-packages/django/core/handlers/base.py", line 197, in _get_response
    response = wrapped_callback(request, *callback_args, **callback_kwargs)
  File "/Users/mdahmedking6/.local/share/virtualenvs/DjangoWork-KunsKbz5/lib/python3.13/site-packages/django/views/decorators/csrf.py", line 65, in _view_wrapper
    return view_func(request, *args, **kwargs)
  File "/Users/mdahmedking6/.local/share/virtualenvs/DjangoWork-KunsKbz5/lib/python3.13/site-packages/rest_framework/viewsets.py", line 125, in view
    return self.dispatch(request, *args, **kwargs)
           ~~~~~~~~~~~~~^^^^^^^^^^^^^^^^^^^^^^^^^^
  File "/Users/mdahmedking6/.local/share/virtualenvs/DjangoWork-KunsKbz5/lib/python3.13/site-packages/rest_framework/views.py", line 515, in dispatch
    response = self.handle_exception(exc)
  File "/Users/mdahmedking6/.local/share/virtualenvs/DjangoWork-KunsKbz5/lib/python3.13/site-packages/rest_framework/views.py", line 475, in handle_exception
    self.raise_uncaught_exception(exc)
    ~~~~~~~~~~~~~~~~~~~~~~~~~~~~~^^^^^
  File "/Users/mdahmedking6/.local/share/virtualenvs/DjangoWork-KunsKbz5/lib/python3.13/site-packages/rest_framework/views.py", line 486, in raise_uncaught_exception
    raise exc
  File "/Users/mdahmedking6/.local/share/virtualenvs/DjangoWork-KunsKbz5/lib/python3.13/site-packages/rest_framework/views.py", line 512, in dispatch
    response = handler(request, *args, **kwargs)
  File "/Users/mdahmedking6/DjangoWork/store/views.py", line 84, in recommendations
    return Response({"products_you_may_like": titles})
                                              ^^^^^^
UnboundLocalError: cannot access local variable 'titles' where it is not associated with a value
2025-08-12 16:22:40,415 (INFO) - django.utils.autoreload - /Users/mdahmedking6/DjangoWork/store/views.py changed, reloading.
2025-08-12 16:22:40,812 (INFO) - django.utils.autoreload - Watching for file changes with StatReloader
2025-08-12 16:22:41,633 (WARNING) - silk.profiling.profiler - Cannot execute silk_profile as silk is not installed correctly.
2025-08-12 16:22:45,970 (INFO) - django.utils.autoreload - /Users/mdahmedking6/DjangoWork/store/views.py changed, reloading.
2025-08-12 16:22:46,352 (INFO) - django.utils.autoreload - Watching for file changes with StatReloader
2025-08-12 16:22:47,121 (WARNING) - silk.profiling.profiler - Cannot execute silk_profile as silk is not installed correctly.
2025-08-12 16:22:50,390 (INFO) - django.utils.autoreload - /Users/mdahmedking6/DjangoWork/store/views.py changed, reloading.
2025-08-12 16:22:50,766 (INFO) - django.utils.autoreload - Watching for file changes with StatReloader
2025-08-12 16:22:51,487 (WARNING) - silk.profiling.profiler - Cannot execute silk_profile as silk is not installed correctly.
2025-08-12 16:22:54,441 (ERROR) - django.request - Internal Server Error: /store/product/6/recommendations/
Traceback (most recent call last):
  File "/Users/mdahmedking6/.local/share/virtualenvs/DjangoWork-KunsKbz5/lib/python3.13/site-packages/django/core/handlers/exception.py", line 55, in inner
    response = get_response(request)
  File "/Users/mdahmedking6/.local/share/virtualenvs/DjangoWork-KunsKbz5/lib/python3.13/site-packages/django/core/handlers/base.py", line 197, in _get_response
    response = wrapped_callback(request, *callback_args, **callback_kwargs)
  File "/Users/mdahmedking6/.local/share/virtualenvs/DjangoWork-KunsKbz5/lib/python3.13/site-packages/django/views/decorators/csrf.py", line 65, in _view_wrapper
    return view_func(request, *args, **kwargs)
  File "/Users/mdahmedking6/.local/share/virtualenvs/DjangoWork-KunsKbz5/lib/python3.13/site-packages/rest_framework/viewsets.py", line 125, in view
    return self.dispatch(request, *args, **kwargs)
           ~~~~~~~~~~~~~^^^^^^^^^^^^^^^^^^^^^^^^^^
  File "/Users/mdahmedking6/.local/share/virtualenvs/DjangoWork-KunsKbz5/lib/python3.13/site-packages/rest_framework/views.py", line 515, in dispatch
    response = self.handle_exception(exc)
  File "/Users/mdahmedking6/.local/share/virtualenvs/DjangoWork-KunsKbz5/lib/python3.13/site-packages/rest_framework/views.py", line 475, in handle_exception
    self.raise_uncaught_exception(exc)
    ~~~~~~~~~~~~~~~~~~~~~~~~~~~~~^^^^^
  File "/Users/mdahmedking6/.local/share/virtualenvs/DjangoWork-KunsKbz5/lib/python3.13/site-packages/rest_framework/views.py", line 486, in raise_uncaught_exception
    raise exc
  File "/Users/mdahmedking6/.local/share/virtualenvs/DjangoWork-KunsKbz5/lib/python3.13/site-packages/rest_framework/views.py", line 512, in dispatch
    response = handler(request, *args, **kwargs)
  File "/Users/mdahmedking6/DjangoWork/store/views.py", line 84, in recommendations
    return Response({"products_you_may_like": cache.get(titles)})
                                                        ^^^^^^
UnboundLocalError: cannot access local variable 'titles' where it is not associated with a value
2025-08-12 16:23:27,022 (INFO) - django.utils.autoreload - /Users/mdahmedking6/DjangoWork/store/views.py changed, reloading.
2025-08-12 16:23:27,402 (INFO) - django.utils.autoreload - Watching for file changes with StatReloader
2025-08-12 16:23:28,186 (WARNING) - silk.profiling.profiler - Cannot execute silk_profile as silk is not installed correctly.
2025-08-12 16:23:45,075 (INFO) - django.utils.autoreload - /Users/mdahmedking6/DjangoWork/store/views.py changed, reloading.
2025-08-12 16:23:45,496 (INFO) - django.utils.autoreload - Watching for file changes with StatReloader
2025-08-12 16:23:46,216 (WARNING) - silk.profiling.profiler - Cannot execute silk_profile as silk is not installed correctly.
2025-08-12 16:25:12,733 (INFO) - django.utils.autoreload - Watching for file changes with StatReloader
2025-08-12 16:25:13,489 (WARNING) - silk.profiling.profiler - Cannot execute silk_profile as silk is not installed correctly.
2025-08-15 14:13:00,029 (INFO) - django.utils.autoreload - Watching for file changes with StatReloader
2025-08-15 14:13:03,817 (WARNING) - silk.profiling.profiler - Cannot execute silk_profile as silk is not installed correctly.
2025-08-15 14:13:07,412 (WARNING) - django.request - Not Found: /favicon.ico
2025-08-15 14:18:20,430 (WARNING) - django.request - Not Found: /store/cart
2025-08-15 16:10:56,903 (WARNING) - django.request - Unauthorized: /store/carts/
2025-08-15 16:11:44,879 (INFO) - django.utils.autoreload - /Users/mdahmedking6/DjangoWork/store/urls.py changed, reloading.
2025-08-15 16:11:45,552 (INFO) - django.utils.autoreload - Watching for file changes with StatReloader
2025-08-15 16:11:46,844 (WARNING) - silk.profiling.profiler - Cannot execute silk_profile as silk is not installed correctly.
2025-08-15 16:11:48,083 (INFO) - django.utils.autoreload - /Users/mdahmedking6/DjangoWork/store/urls.py changed, reloading.
2025-08-15 16:11:48,549 (INFO) - django.utils.autoreload - Watching for file changes with StatReloader
2025-08-15 16:11:59,047 (INFO) - django.utils.autoreload - /Users/mdahmedking6/DjangoWork/store/urls.py changed, reloading.
2025-08-15 16:11:59,535 (INFO) - django.utils.autoreload - Watching for file changes with StatReloader
2025-08-15 16:12:05,975 (INFO) - django.utils.autoreload - /Users/mdahmedking6/DjangoWork/store/urls.py changed, reloading.
2025-08-15 16:12:06,527 (INFO) - django.utils.autoreload - Watching for file changes with StatReloader
2025-08-15 16:12:08,980 (INFO) - django.utils.autoreload - /Users/mdahmedking6/DjangoWork/store/urls.py changed, reloading.
2025-08-15 16:12:09,326 (INFO) - django.utils.autoreload - Watching for file changes with StatReloader
2025-08-15 16:12:38,389 (INFO) - django.utils.autoreload - /Users/mdahmedking6/DjangoWork/store/urls.py changed, reloading.
2025-08-15 16:12:38,817 (INFO) - django.utils.autoreload - Watching for file changes with StatReloader
2025-08-15 16:18:17,063 (INFO) - django.utils.autoreload - /Users/mdahmedking6/DjangoWork/store/views.py changed, reloading.
2025-08-15 16:18:17,536 (INFO) - django.utils.autoreload - Watching for file changes with StatReloader
2025-08-15 16:18:47,789 (INFO) - django.utils.autoreload - /Users/mdahmedking6/DjangoWork/core/urls.py changed, reloading.
2025-08-15 16:18:48,297 (INFO) - django.utils.autoreload - Watching for file changes with StatReloader
2025-08-15 16:18:56,804 (INFO) - django.utils.autoreload - /Users/mdahmedking6/DjangoWork/core/urls.py changed, reloading.
2025-08-15 16:18:57,295 (INFO) - django.utils.autoreload - Watching for file changes with StatReloader
2025-08-15 16:19:01,489 (INFO) - django.utils.autoreload - /Users/mdahmedking6/DjangoWork/core/urls.py changed, reloading.
2025-08-15 16:19:01,986 (INFO) - django.utils.autoreload - Watching for file changes with StatReloader
2025-08-15 16:19:13,464 (INFO) - django.utils.autoreload - /Users/mdahmedking6/DjangoWork/core/urls.py changed, reloading.
2025-08-15 16:19:13,982 (INFO) - django.utils.autoreload - Watching for file changes with StatReloader
2025-08-15 16:24:20,298 (INFO) - django.utils.autoreload - /Users/mdahmedking6/DjangoWork/store/views.py changed, reloading.
2025-08-15 16:24:20,912 (INFO) - django.utils.autoreload - Watching for file changes with StatReloader
2025-08-15 16:24:38,772 (INFO) - django.utils.autoreload - /Users/mdahmedking6/DjangoWork/store/views.py changed, reloading.
2025-08-15 16:24:39,275 (INFO) - django.utils.autoreload - Watching for file changes with StatReloader
2025-08-15 16:24:40,374 (WARNING) - silk.profiling.profiler - Cannot execute silk_profile as silk is not installed correctly.
2025-08-15 16:25:08,183 (WARNING) - django.request - Bad Request: /checkout/a5e3c843-8020-488c-a9d4-ecdc32c67307/start/
2025-08-15 16:25:20,380 (WARNING) - django.request - Unauthorized: /store/carts/
2025-08-15 16:25:46,337 (INFO) - django.utils.autoreload - /Users/mdahmedking6/DjangoWork/store/views.py changed, reloading.
2025-08-15 16:25:46,855 (INFO) - django.utils.autoreload - Watching for file changes with StatReloader
2025-08-15 16:25:48,083 (WARNING) - silk.profiling.profiler - Cannot execute silk_profile as silk is not installed correctly.
2025-08-15 16:25:51,390 (INFO) - django.utils.autoreload - /Users/mdahmedking6/DjangoWork/store/views.py changed, reloading.
2025-08-15 16:25:51,916 (INFO) - django.utils.autoreload - Watching for file changes with StatReloader
2025-08-15 16:25:52,954 (WARNING) - silk.profiling.profiler - Cannot execute silk_profile as silk is not installed correctly.
2025-08-15 16:25:56,248 (INFO) - django.utils.autoreload - /Users/mdahmedking6/DjangoWork/store/views.py changed, reloading.
2025-08-15 16:25:56,762 (INFO) - django.utils.autoreload - Watching for file changes with StatReloader
2025-08-15 16:25:57,787 (WARNING) - silk.profiling.profiler - Cannot execute silk_profile as silk is not installed correctly.
2025-08-15 16:26:02,129 (INFO) - django.utils.autoreload - /Users/mdahmedking6/DjangoWork/store/views.py changed, reloading.
2025-08-15 16:26:02,666 (INFO) - django.utils.autoreload - Watching for file changes with StatReloader
2025-08-15 16:26:03,746 (WARNING) - silk.profiling.profiler - Cannot execute silk_profile as silk is not installed correctly.
2025-08-15 16:26:07,046 (INFO) - django.utils.autoreload - /Users/mdahmedking6/DjangoWork/store/views.py changed, reloading.
2025-08-15 16:26:07,548 (INFO) - django.utils.autoreload - Watching for file changes with StatReloader
2025-08-15 16:26:08,579 (WARNING) - silk.profiling.profiler - Cannot execute silk_profile as silk is not installed correctly.
2025-08-15 16:26:24,350 (INFO) - django.utils.autoreload - /Users/mdahmedking6/DjangoWork/store/views.py changed, reloading.
2025-08-15 16:26:24,847 (INFO) - django.utils.autoreload - Watching for file changes with StatReloader
2025-08-15 16:26:25,867 (WARNING) - silk.profiling.profiler - Cannot execute silk_profile as silk is not installed correctly.
2025-08-15 16:26:29,070 (WARNING) - django.request - Method Not Allowed: /store/carts/
2025-08-15 16:26:40,696 (INFO) - django.utils.autoreload - /Users/mdahmedking6/DjangoWork/store/views.py changed, reloading.
2025-08-15 16:26:41,256 (INFO) - django.utils.autoreload - Watching for file changes with StatReloader
2025-08-15 16:26:42,502 (WARNING) - silk.profiling.profiler - Cannot execute silk_profile as silk is not installed correctly.
2025-08-15 16:31:11,965 (WARNING) - django.request - Bad Request: /checkout/649c366d-6fdc-4ea3-ac5a-28fcff6caadc/start/
2025-08-15 16:32:11,625 (WARNING) - django.request - Not Found: /checkout/59146e09970c4979a8d17ccd9f4fde61/start/
2025-08-15 16:32:35,438 (WARNING) - django.request - Unauthorized: /store/carts/59146e09970c4979a8d17ccd9f4fde61/
2025-08-15 16:32:42,627 (WARNING) - django.request - Bad Request: /checkout/649c366d-6fdc-4ea3-ac5a-28fcff6caadc/start/
2025-08-15 16:34:07,695 (WARNING) - django.request - Bad Request: /checkout/649c366d-6fdc-4ea3-ac5a-28fcff6caadc/start/
2025-08-15 16:34:08,545 (WARNING) - django.request - Unauthorized: /store/carts/59146e09970c4979a8d17ccd9f4fde61/
2025-08-15 16:34:16,280 (WARNING) - django.request - Unauthorized: /store/carts/59146e09970c4979a8d17ccd9f4fde61/
2025-08-15 16:37:27,380 (INFO) - django.utils.autoreload - /Users/mdahmedking6/DjangoWork/store/views.py changed, reloading.
2025-08-15 16:37:28,048 (INFO) - django.utils.autoreload - Watching for file changes with StatReloader
2025-08-15 16:37:42,900 (INFO) - django.utils.autoreload - /Users/mdahmedking6/DjangoWork/store/views.py changed, reloading.
2025-08-15 16:37:43,432 (INFO) - django.utils.autoreload - Watching for file changes with StatReloader
2025-08-15 16:37:44,589 (WARNING) - silk.profiling.profiler - Cannot execute silk_profile as silk is not installed correctly.
2025-08-15 16:40:37,312 (INFO) - stripe - message='Request to Stripe api' method=post url=https://api.stripe.com/v1/checkout/sessions
2025-08-15 16:40:37,803 (INFO) - stripe - message='Stripe API response' path=https://api.stripe.com/v1/checkout/sessions response_code=403
2025-08-15 16:40:37,803 (INFO) - stripe - error_code=secret_key_required error_message='This API call cannot be made with a publishable API key. Please use a secret API key. You can find a list of your API keys at https://dashboard.stripe.com/account/apikeys.' error_param=None error_type=invalid_request_error message='Stripe v1 API error received'
2025-08-15 16:40:37,826 (ERROR) - django.request - Internal Server Error: /checkout/59146e09-970c-4979-a8d1-7ccd9f4fde61/start/
Traceback (most recent call last):
  File "/Users/mdahmedking6/.local/share/virtualenvs/DjangoWork-KunsKbz5/lib/python3.13/site-packages/django/core/handlers/exception.py", line 55, in inner
    response = get_response(request)
  File "/Users/mdahmedking6/.local/share/virtualenvs/DjangoWork-KunsKbz5/lib/python3.13/site-packages/django/core/handlers/base.py", line 197, in _get_response
    response = wrapped_callback(request, *callback_args, **callback_kwargs)
  File "/Users/mdahmedking6/.local/share/virtualenvs/DjangoWork-KunsKbz5/lib/python3.13/site-packages/django/views/decorators/http.py", line 64, in inner
    return func(request, *args, **kwargs)
  File "/Users/mdahmedking6/DjangoWork/core/views.py", line 72, in start_checkout
    session = stripe.checkout.Session.create(
        mode="payment",
    ...<2 lines>...
        cancel_url=cancel_url,
    )
  File "/Users/mdahmedking6/.local/share/virtualenvs/DjangoWork-KunsKbz5/lib/python3.13/site-packages/stripe/checkout/_session.py", line 5019, in create
    cls._static_request(
    ~~~~~~~~~~~~~~~~~~~^
        "post",
        ^^^^^^^
        cls.class_url(),
        ^^^^^^^^^^^^^^^^
        params=params,
        ^^^^^^^^^^^^^^
    ),
    ^
  File "/Users/mdahmedking6/.local/share/virtualenvs/DjangoWork-KunsKbz5/lib/python3.13/site-packages/stripe/_api_resource.py", line 172, in _static_request
    return _APIRequestor._global_instance().request(
           ~~~~~~~~~~~~~~~~~~~~~~~~~~~~~~~~~~~~~~~~^
        method_,
        ^^^^^^^^
    ...<3 lines>...
        base_address=base_address,
        ^^^^^^^^^^^^^^^^^^^^^^^^^^
    )
    ^
  File "/Users/mdahmedking6/.local/share/virtualenvs/DjangoWork-KunsKbz5/lib/python3.13/site-packages/stripe/_api_requestor.py", line 197, in request
    resp = requestor._interpret_response(rbody, rcode, rheaders, api_mode)
  File "/Users/mdahmedking6/.local/share/virtualenvs/DjangoWork-KunsKbz5/lib/python3.13/site-packages/stripe/_api_requestor.py", line 853, in _interpret_response
    self.handle_error_response(
    ~~~~~~~~~~~~~~~~~~~~~~~~~~^
        rbody, rcode, resp.data, rheaders, api_mode
        ^^^^^^^^^^^^^^^^^^^^^^^^^^^^^^^^^^^^^^^^^^^
    )
    ^
  File "/Users/mdahmedking6/.local/share/virtualenvs/DjangoWork-KunsKbz5/lib/python3.13/site-packages/stripe/_api_requestor.py", line 336, in handle_error_response
    raise err
stripe._error.PermissionError: Request req_fBxSHXOdx1SNrL: This API call cannot be made with a publishable API key. Please use a secret API key. You can find a list of your API keys at https://dashboard.stripe.com/account/apikeys.
2025-08-15 16:55:55,409 (INFO) - stripe - message='Request to Stripe api' method=post url=https://api.stripe.com/v1/checkout/sessions
2025-08-15 16:55:56,042 (INFO) - stripe - message='Stripe API response' path=https://api.stripe.com/v1/checkout/sessions response_code=403
2025-08-15 16:55:56,043 (INFO) - stripe - error_code=secret_key_required error_message='This API call cannot be made with a publishable API key. Please use a secret API key. You can find a list of your API keys at https://dashboard.stripe.com/account/apikeys.' error_param=None error_type=invalid_request_error message='Stripe v1 API error received'
2025-08-15 16:55:56,072 (ERROR) - django.request - Internal Server Error: /checkout/59146e09-970c-4979-a8d1-7ccd9f4fde61/start/
Traceback (most recent call last):
  File "/Users/mdahmedking6/.local/share/virtualenvs/DjangoWork-KunsKbz5/lib/python3.13/site-packages/django/core/handlers/exception.py", line 55, in inner
    response = get_response(request)
  File "/Users/mdahmedking6/.local/share/virtualenvs/DjangoWork-KunsKbz5/lib/python3.13/site-packages/django/core/handlers/base.py", line 197, in _get_response
    response = wrapped_callback(request, *callback_args, **callback_kwargs)
  File "/Users/mdahmedking6/.local/share/virtualenvs/DjangoWork-KunsKbz5/lib/python3.13/site-packages/django/views/decorators/http.py", line 64, in inner
    return func(request, *args, **kwargs)
  File "/Users/mdahmedking6/DjangoWork/core/views.py", line 72, in start_checkout
    session = stripe.checkout.Session.create(
        mode="payment",
    ...<2 lines>...
        cancel_url=cancel_url,
    )
  File "/Users/mdahmedking6/.local/share/virtualenvs/DjangoWork-KunsKbz5/lib/python3.13/site-packages/stripe/checkout/_session.py", line 5019, in create
    cls._static_request(
    ~~~~~~~~~~~~~~~~~~~^
        "post",
        ^^^^^^^
        cls.class_url(),
        ^^^^^^^^^^^^^^^^
        params=params,
        ^^^^^^^^^^^^^^
    ),
    ^
  File "/Users/mdahmedking6/.local/share/virtualenvs/DjangoWork-KunsKbz5/lib/python3.13/site-packages/stripe/_api_resource.py", line 172, in _static_request
    return _APIRequestor._global_instance().request(
           ~~~~~~~~~~~~~~~~~~~~~~~~~~~~~~~~~~~~~~~~^
        method_,
        ^^^^^^^^
    ...<3 lines>...
        base_address=base_address,
        ^^^^^^^^^^^^^^^^^^^^^^^^^^
    )
    ^
  File "/Users/mdahmedking6/.local/share/virtualenvs/DjangoWork-KunsKbz5/lib/python3.13/site-packages/stripe/_api_requestor.py", line 197, in request
    resp = requestor._interpret_response(rbody, rcode, rheaders, api_mode)
  File "/Users/mdahmedking6/.local/share/virtualenvs/DjangoWork-KunsKbz5/lib/python3.13/site-packages/stripe/_api_requestor.py", line 853, in _interpret_response
    self.handle_error_response(
    ~~~~~~~~~~~~~~~~~~~~~~~~~~^
        rbody, rcode, resp.data, rheaders, api_mode
        ^^^^^^^^^^^^^^^^^^^^^^^^^^^^^^^^^^^^^^^^^^^
    )
    ^
  File "/Users/mdahmedking6/.local/share/virtualenvs/DjangoWork-KunsKbz5/lib/python3.13/site-packages/stripe/_api_requestor.py", line 336, in handle_error_response
    raise err
stripe._error.PermissionError: Request req_xsgdtjxoPF59JL: This API call cannot be made with a publishable API key. Please use a secret API key. You can find a list of your API keys at https://dashboard.stripe.com/account/apikeys.
2025-08-15 16:56:11,160 (WARNING) - django.request - Method Not Allowed (GET): /checkout/59146e09-970c-4979-a8d1-7ccd9f4fde61/start/
2025-08-15 16:56:12,755 (WARNING) - django.request - Method Not Allowed (GET): /checkout/59146e09-970c-4979-a8d1-7ccd9f4fde61/start/
2025-08-15 16:56:13,994 (WARNING) - django.request - Method Not Allowed (GET): /checkout/59146e09-970c-4979-a8d1-7ccd9f4fde61/start/
2025-08-15 16:56:14,354 (WARNING) - django.request - Method Not Allowed (GET): /checkout/59146e09-970c-4979-a8d1-7ccd9f4fde61/start/
2025-08-15 16:56:47,979 (INFO) - django.utils.autoreload - Watching for file changes with StatReloader
2025-08-15 16:56:49,212 (WARNING) - silk.profiling.profiler - Cannot execute silk_profile as silk is not installed correctly.
2025-08-15 16:57:12,730 (WARNING) - django.request - Not Found: /store/cart/bind/59146e09970c4979a8d17ccd9f4fde61
2025-08-15 16:57:35,996 (INFO) - stripe - message='Request to Stripe api' method=post url=https://api.stripe.com/v1/checkout/sessions
2025-08-15 16:57:36,599 (INFO) - stripe - message='Stripe API response' path=https://api.stripe.com/v1/checkout/sessions response_code=403
2025-08-15 16:57:36,599 (INFO) - stripe - error_code=secret_key_required error_message='This API call cannot be made with a publishable API key. Please use a secret API key. You can find a list of your API keys at https://dashboard.stripe.com/account/apikeys.' error_param=None error_type=invalid_request_error message='Stripe v1 API error received'
2025-08-15 16:57:36,616 (ERROR) - django.request - Internal Server Error: /checkout/59146e09-970c-4979-a8d1-7ccd9f4fde61/start/
Traceback (most recent call last):
  File "/Users/mdahmedking6/.local/share/virtualenvs/DjangoWork-KunsKbz5/lib/python3.13/site-packages/django/core/handlers/exception.py", line 55, in inner
    response = get_response(request)
  File "/Users/mdahmedking6/.local/share/virtualenvs/DjangoWork-KunsKbz5/lib/python3.13/site-packages/django/core/handlers/base.py", line 197, in _get_response
    response = wrapped_callback(request, *callback_args, **callback_kwargs)
  File "/Users/mdahmedking6/.local/share/virtualenvs/DjangoWork-KunsKbz5/lib/python3.13/site-packages/django/views/decorators/http.py", line 64, in inner
    return func(request, *args, **kwargs)
  File "/Users/mdahmedking6/DjangoWork/core/views.py", line 72, in start_checkout
    session = stripe.checkout.Session.create(
        mode="payment",
    ...<2 lines>...
        cancel_url=cancel_url,
    )
  File "/Users/mdahmedking6/.local/share/virtualenvs/DjangoWork-KunsKbz5/lib/python3.13/site-packages/stripe/checkout/_session.py", line 5019, in create
    cls._static_request(
    ~~~~~~~~~~~~~~~~~~~^
        "post",
        ^^^^^^^
        cls.class_url(),
        ^^^^^^^^^^^^^^^^
        params=params,
        ^^^^^^^^^^^^^^
    ),
    ^
  File "/Users/mdahmedking6/.local/share/virtualenvs/DjangoWork-KunsKbz5/lib/python3.13/site-packages/stripe/_api_resource.py", line 172, in _static_request
    return _APIRequestor._global_instance().request(
           ~~~~~~~~~~~~~~~~~~~~~~~~~~~~~~~~~~~~~~~~^
        method_,
        ^^^^^^^^
    ...<3 lines>...
        base_address=base_address,
        ^^^^^^^^^^^^^^^^^^^^^^^^^^
    )
    ^
  File "/Users/mdahmedking6/.local/share/virtualenvs/DjangoWork-KunsKbz5/lib/python3.13/site-packages/stripe/_api_requestor.py", line 197, in request
    resp = requestor._interpret_response(rbody, rcode, rheaders, api_mode)
  File "/Users/mdahmedking6/.local/share/virtualenvs/DjangoWork-KunsKbz5/lib/python3.13/site-packages/stripe/_api_requestor.py", line 853, in _interpret_response
    self.handle_error_response(
    ~~~~~~~~~~~~~~~~~~~~~~~~~~^
        rbody, rcode, resp.data, rheaders, api_mode
        ^^^^^^^^^^^^^^^^^^^^^^^^^^^^^^^^^^^^^^^^^^^
    )
    ^
  File "/Users/mdahmedking6/.local/share/virtualenvs/DjangoWork-KunsKbz5/lib/python3.13/site-packages/stripe/_api_requestor.py", line 336, in handle_error_response
    raise err
stripe._error.PermissionError: Request req_c2CEsHio1Qfrdh: This API call cannot be made with a publishable API key. Please use a secret API key. You can find a list of your API keys at https://dashboard.stripe.com/account/apikeys.
2025-08-15 16:58:14,072 (INFO) - django.utils.autoreload - /Users/mdahmedking6/DjangoWork/store/views.py changed, reloading.
2025-08-15 16:58:14,580 (INFO) - django.utils.autoreload - Watching for file changes with StatReloader
2025-08-15 16:58:15,805 (WARNING) - silk.profiling.profiler - Cannot execute silk_profile as silk is not installed correctly.
2025-08-15 17:02:05,764 (INFO) - django.utils.autoreload - Watching for file changes with StatReloader
2025-08-15 17:02:07,018 (WARNING) - silk.profiling.profiler - Cannot execute silk_profile as silk is not installed correctly.
2025-08-15 17:02:16,483 (INFO) - stripe - message='Request to Stripe api' method=post url=https://api.stripe.com/v1/checkout/sessions
2025-08-15 17:02:17,795 (INFO) - stripe - message='Stripe API response' path=https://api.stripe.com/v1/checkout/sessions response_code=200
2025-08-15 17:07:03,826 (INFO) - django.utils.autoreload - /Users/mdahmedking6/DjangoWork/core/urls.py changed, reloading.
2025-08-15 17:07:04,307 (INFO) - django.utils.autoreload - Watching for file changes with StatReloader
2025-08-15 17:07:05,559 (WARNING) - silk.profiling.profiler - Cannot execute silk_profile as silk is not installed correctly.
2025-08-15 17:11:52,675 (INFO) - django.utils.autoreload - /Users/mdahmedking6/DjangoWork/core/views.py changed, reloading.
2025-08-15 17:11:53,195 (INFO) - django.utils.autoreload - Watching for file changes with StatReloader
2025-08-15 17:11:54,433 (WARNING) - silk.profiling.profiler - Cannot execute silk_profile as silk is not installed correctly.
2025-08-15 17:11:58,836 (INFO) - stripe - message='Request to Stripe api' method=post url=https://api.stripe.com/v1/checkout/sessions
2025-08-15 17:11:59,642 (INFO) - stripe - message='Stripe API response' path=https://api.stripe.com/v1/checkout/sessions response_code=200
2025-08-15 17:26:23,422 (ERROR) - django.request - Internal Server Error: /store/product/4/recommendations/
Traceback (most recent call last):
  File "/Users/mdahmedking6/.local/share/virtualenvs/DjangoWork-KunsKbz5/lib/python3.13/site-packages/django_redis/cache.py", line 29, in _decorator
    return method(self, *args, **kwargs)
  File "/Users/mdahmedking6/.local/share/virtualenvs/DjangoWork-KunsKbz5/lib/python3.13/site-packages/django_redis/cache.py", line 99, in _get
    return self.client.get(key, default=default, version=version, client=client)
           ~~~~~~~~~~~~~~~^^^^^^^^^^^^^^^^^^^^^^^^^^^^^^^^^^^^^^^^^^^^^^^^^^^^^^
  File "/Users/mdahmedking6/.local/share/virtualenvs/DjangoWork-KunsKbz5/lib/python3.13/site-packages/django_redis/client/default.py", line 300, in get
    raise ConnectionInterrupted(connection=client) from e
django_redis.exceptions.ConnectionInterrupted: Redis ConnectionError: Error 61 connecting to 127.0.0.1:6379. Connection refused.

During handling of the above exception, another exception occurred:

Traceback (most recent call last):
  File "/Users/mdahmedking6/.local/share/virtualenvs/DjangoWork-KunsKbz5/lib/python3.13/site-packages/django/core/handlers/exception.py", line 55, in inner
    response = get_response(request)
  File "/Users/mdahmedking6/.local/share/virtualenvs/DjangoWork-KunsKbz5/lib/python3.13/site-packages/django/core/handlers/base.py", line 197, in _get_response
    response = wrapped_callback(request, *callback_args, **callback_kwargs)
  File "/Users/mdahmedking6/.local/share/virtualenvs/DjangoWork-KunsKbz5/lib/python3.13/site-packages/django/views/decorators/csrf.py", line 65, in _view_wrapper
    return view_func(request, *args, **kwargs)
  File "/Users/mdahmedking6/.local/share/virtualenvs/DjangoWork-KunsKbz5/lib/python3.13/site-packages/rest_framework/viewsets.py", line 125, in view
    return self.dispatch(request, *args, **kwargs)
           ~~~~~~~~~~~~~^^^^^^^^^^^^^^^^^^^^^^^^^^
  File "/Users/mdahmedking6/.local/share/virtualenvs/DjangoWork-KunsKbz5/lib/python3.13/site-packages/rest_framework/views.py", line 515, in dispatch
    response = self.handle_exception(exc)
  File "/Users/mdahmedking6/.local/share/virtualenvs/DjangoWork-KunsKbz5/lib/python3.13/site-packages/rest_framework/views.py", line 475, in handle_exception
    self.raise_uncaught_exception(exc)
    ~~~~~~~~~~~~~~~~~~~~~~~~~~~~~^^^^^
  File "/Users/mdahmedking6/.local/share/virtualenvs/DjangoWork-KunsKbz5/lib/python3.13/site-packages/rest_framework/views.py", line 486, in raise_uncaught_exception
    raise exc
  File "/Users/mdahmedking6/.local/share/virtualenvs/DjangoWork-KunsKbz5/lib/python3.13/site-packages/rest_framework/views.py", line 512, in dispatch
    response = handler(request, *args, **kwargs)
  File "/Users/mdahmedking6/DjangoWork/store/views.py", line 85, in recommendations
    if cache.get(cache_key) is None:
       ~~~~~~~~~^^^^^^^^^^^
  File "/Users/mdahmedking6/.local/share/virtualenvs/DjangoWork-KunsKbz5/lib/python3.13/site-packages/debug_toolbar/panels/cache.py", line 42, in wrapper
    return panel._record_call(cache, name, original_method, args, kwargs)
           ~~~~~~~~~~~~~~~~~~^^^^^^^^^^^^^^^^^^^^^^^^^^^^^^^^^^^^^^^^^^^^
  File "/Users/mdahmedking6/.local/share/virtualenvs/DjangoWork-KunsKbz5/lib/python3.13/site-packages/debug_toolbar/panels/cache.py", line 151, in _record_call
    value = original_method(*args, **kwargs)
  File "/Users/mdahmedking6/.local/share/virtualenvs/DjangoWork-KunsKbz5/lib/python3.13/site-packages/django_redis/cache.py", line 92, in get
    value = self._get(key, default, version, client)
  File "/Users/mdahmedking6/.local/share/virtualenvs/DjangoWork-KunsKbz5/lib/python3.13/site-packages/django_redis/cache.py", line 36, in _decorator
    raise e.__cause__  # noqa: B904
    ^^^^^^^^^^^^^^^^^
  File "/Users/mdahmedking6/.local/share/virtualenvs/DjangoWork-KunsKbz5/lib/python3.13/site-packages/django_redis/client/default.py", line 298, in get
    value = client.get(key)
  File "/Users/mdahmedking6/.local/share/virtualenvs/DjangoWork-KunsKbz5/lib/python3.13/site-packages/redis/commands/core.py", line 1829, in get
    return self.execute_command("GET", name, keys=[name])
           ~~~~~~~~~~~~~~~~~~~~^^^^^^^^^^^^^^^^^^^^^^^^^^
  File "/Users/mdahmedking6/.local/share/virtualenvs/DjangoWork-KunsKbz5/lib/python3.13/site-packages/redis/client.py", line 623, in execute_command
    return self._execute_command(*args, **options)
           ~~~~~~~~~~~~~~~~~~~~~^^^^^^^^^^^^^^^^^^
  File "/Users/mdahmedking6/.local/share/virtualenvs/DjangoWork-KunsKbz5/lib/python3.13/site-packages/redis/client.py", line 629, in _execute_command
    conn = self.connection or pool.get_connection()
                              ~~~~~~~~~~~~~~~~~~~^^
  File "/Users/mdahmedking6/.local/share/virtualenvs/DjangoWork-KunsKbz5/lib/python3.13/site-packages/redis/utils.py", line 191, in wrapper
    return func(*args, **kwargs)
  File "/Users/mdahmedking6/.local/share/virtualenvs/DjangoWork-KunsKbz5/lib/python3.13/site-packages/redis/connection.py", line 1530, in get_connection
    connection.connect()
    ~~~~~~~~~~~~~~~~~~^^
  File "/Users/mdahmedking6/.local/share/virtualenvs/DjangoWork-KunsKbz5/lib/python3.13/site-packages/redis/connection.py", line 379, in connect
    self.connect_check_health(check_health=True)
    ~~~~~~~~~~~~~~~~~~~~~~~~~^^^^^^^^^^^^^^^^^^^
  File "/Users/mdahmedking6/.local/share/virtualenvs/DjangoWork-KunsKbz5/lib/python3.13/site-packages/redis/connection.py", line 391, in connect_check_health
    raise ConnectionError(self._error_message(e))
redis.exceptions.ConnectionError: Error 61 connecting to 127.0.0.1:6379. Connection refused.
2025-08-15 18:30:42,508 (INFO) - django.utils.autoreload - Watching for file changes with StatReloader
2025-08-15 18:31:06,691 (INFO) - django.utils.autoreload - /Users/mdahmedking6/DjangoWork/core/urls.py changed, reloading.
2025-08-15 18:31:07,107 (INFO) - django.utils.autoreload - Watching for file changes with StatReloader
2025-08-15 18:31:08,339 (WARNING) - silk.profiling.profiler - Cannot execute silk_profile as silk is not installed correctly.
2025-08-15 18:31:21,644 (ERROR) - django.request - Internal Server Error: /checkout/59146e09-970c-4979-a8d1-7ccd9f4fde61/start/
Traceback (most recent call last):
  File "/Users/mdahmedking6/.local/share/virtualenvs/DjangoWork-KunsKbz5/lib/python3.13/site-packages/django/core/handlers/exception.py", line 55, in inner
    response = get_response(request)
  File "/Users/mdahmedking6/.local/share/virtualenvs/DjangoWork-KunsKbz5/lib/python3.13/site-packages/django/core/handlers/base.py", line 197, in _get_response
    response = wrapped_callback(request, *callback_args, **callback_kwargs)
  File "/Users/mdahmedking6/.local/share/virtualenvs/DjangoWork-KunsKbz5/lib/python3.13/site-packages/django/views/decorators/http.py", line 64, in inner
    return func(request, *args, **kwargs)
  File "/Users/mdahmedking6/DjangoWork/core/views.py", line 29, in start_checkout
    cancel_url = request.build_absolute_uri(reverse("core:cancel"))
                                            ~~~~~~~^^^^^^^^^^^^^^^
  File "/Users/mdahmedking6/.local/share/virtualenvs/DjangoWork-KunsKbz5/lib/python3.13/site-packages/django/urls/base.py", line 98, in reverse
    resolved_url = resolver._reverse_with_prefix(view, prefix, *args, **kwargs)
  File "/Users/mdahmedking6/.local/share/virtualenvs/DjangoWork-KunsKbz5/lib/python3.13/site-packages/django/urls/resolvers.py", line 831, in _reverse_with_prefix
    raise NoReverseMatch(msg)
django.urls.exceptions.NoReverseMatch: Reverse for 'cancel' not found. 'cancel' is not a valid view function or pattern name.
2025-08-15 18:31:44,149 (INFO) - django.utils.autoreload - /Users/mdahmedking6/DjangoWork/core/urls.py changed, reloading.
2025-08-15 18:31:44,661 (INFO) - django.utils.autoreload - Watching for file changes with StatReloader
2025-08-15 18:31:47,094 (INFO) - django.utils.autoreload - /Users/mdahmedking6/DjangoWork/core/views.py changed, reloading.
2025-08-15 18:31:47,457 (INFO) - django.utils.autoreload - Watching for file changes with StatReloader
2025-08-15 18:31:48,516 (WARNING) - silk.profiling.profiler - Cannot execute silk_profile as silk is not installed correctly.
2025-08-15 18:31:57,891 (INFO) - stripe - message='Request to Stripe api' method=post url=https://api.stripe.com/v1/checkout/sessions
2025-08-15 18:31:58,595 (INFO) - stripe - message='Stripe API response' path=https://api.stripe.com/v1/checkout/sessions response_code=200
2025-08-15 18:32:28,596 (INFO) - django.utils.autoreload - /Users/mdahmedking6/DjangoWork/core/views.py changed, reloading.
2025-08-15 18:32:29,133 (INFO) - django.utils.autoreload - Watching for file changes with StatReloader
2025-08-15 18:32:30,181 (WARNING) - silk.profiling.profiler - Cannot execute silk_profile as silk is not installed correctly.
2025-08-15 18:32:37,667 (INFO) - django.utils.autoreload - /Users/mdahmedking6/DjangoWork/core/views.py changed, reloading.
2025-08-15 18:32:38,128 (INFO) - django.utils.autoreload - Watching for file changes with StatReloader
2025-08-15 18:32:39,166 (WARNING) - silk.profiling.profiler - Cannot execute silk_profile as silk is not installed correctly.
2025-08-15 18:32:43,506 (INFO) - django.utils.autoreload - /Users/mdahmedking6/DjangoWork/core/views.py changed, reloading.
2025-08-15 18:32:43,996 (INFO) - django.utils.autoreload - Watching for file changes with StatReloader
2025-08-15 18:32:45,033 (WARNING) - silk.profiling.profiler - Cannot execute silk_profile as silk is not installed correctly.
2025-08-15 18:33:03,732 (INFO) - stripe - message='Request to Stripe api' method=post url=https://api.stripe.com/v1/checkout/sessions
2025-08-15 18:33:04,405 (INFO) - stripe - message='Stripe API response' path=https://api.stripe.com/v1/checkout/sessions response_code=200
2025-08-15 18:37:43,272 (INFO) - django.utils.autoreload - Watching for file changes with StatReloader
2025-08-15 18:37:44,317 (WARNING) - silk.profiling.profiler - Cannot execute silk_profile as silk is not installed correctly.
2025-08-15 18:37:56,684 (INFO) - stripe - message='Request to Stripe api' method=post url=https://api.stripe.com/v1/checkout/sessions
2025-08-15 18:37:57,616 (INFO) - stripe - message='Stripe API response' path=https://api.stripe.com/v1/checkout/sessions response_code=200
2025-08-16 14:16:39,223 (INFO) - django.utils.autoreload - Watching for file changes with StatReloader
2025-08-16 14:16:41,589 (WARNING) - silk.profiling.profiler - Cannot execute silk_profile as silk is not installed correctly.
2025-08-16 14:16:43,275 (WARNING) - django.request - Not Found: /favicon.ico
2025-08-16 14:16:57,015 (INFO) - stripe - message='Request to Stripe api' method=post url=https://api.stripe.com/v1/checkout/sessions
2025-08-16 14:16:57,760 (INFO) - stripe - message='Stripe API response' path=https://api.stripe.com/v1/checkout/sessions response_code=200
2025-08-16 14:18:05,328 (INFO) - django.utils.autoreload - /Users/mdahmedking6/DjangoWork/store/views.py changed, reloading.
2025-08-16 14:18:05,861 (INFO) - django.utils.autoreload - Watching for file changes with StatReloader
2025-08-16 14:18:07,079 (WARNING) - silk.profiling.profiler - Cannot execute silk_profile as silk is not installed correctly.
2025-08-16 14:18:08,316 (INFO) - django.utils.autoreload - /Users/mdahmedking6/DjangoWork/store/views.py changed, reloading.
2025-08-16 14:18:08,848 (INFO) - django.utils.autoreload - Watching for file changes with StatReloader
2025-08-16 14:18:09,869 (WARNING) - silk.profiling.profiler - Cannot execute silk_profile as silk is not installed correctly.
2025-08-16 15:25:58,968 (INFO) - django.utils.autoreload - Watching for file changes with StatReloader
2025-08-16 15:26:00,377 (WARNING) - silk.profiling.profiler - Cannot execute silk_profile as silk is not installed correctly.
2025-08-16 15:26:19,138 (INFO) - stripe - message='Request to Stripe api' method=post url=https://api.stripe.com/v1/checkout/sessions
2025-08-16 15:26:19,874 (INFO) - stripe - message='Stripe API response' path=https://api.stripe.com/v1/checkout/sessions response_code=200
2025-08-16 15:26:48,786 (INFO) - django.utils.autoreload - /Users/mdahmedking6/DjangoWork/store/views.py changed, reloading.
2025-08-16 15:26:49,309 (INFO) - django.utils.autoreload - Watching for file changes with StatReloader
2025-08-16 15:26:50,545 (WARNING) - silk.profiling.profiler - Cannot execute silk_profile as silk is not installed correctly.
2025-08-16 15:26:51,811 (INFO) - django.utils.autoreload - /Users/mdahmedking6/DjangoWork/store/views.py changed, reloading.
2025-08-16 15:26:52,330 (INFO) - django.utils.autoreload - Watching for file changes with StatReloader
2025-08-16 15:26:53,355 (WARNING) - silk.profiling.profiler - Cannot execute silk_profile as silk is not installed correctly.
2025-08-16 15:26:57,692 (INFO) - django.utils.autoreload - /Users/mdahmedking6/DjangoWork/store/views.py changed, reloading.
2025-08-16 15:26:58,203 (INFO) - django.utils.autoreload - Watching for file changes with StatReloader
2025-08-16 15:26:59,232 (WARNING) - silk.profiling.profiler - Cannot execute silk_profile as silk is not installed correctly.
2025-08-16 15:27:09,834 (INFO) - django.utils.autoreload - /Users/mdahmedking6/DjangoWork/store/views.py changed, reloading.
2025-08-16 15:27:10,371 (INFO) - django.utils.autoreload - Watching for file changes with StatReloader
2025-08-16 15:27:11,406 (WARNING) - silk.profiling.profiler - Cannot execute silk_profile as silk is not installed correctly.
2025-08-16 15:27:12,633 (INFO) - django.utils.autoreload - /Users/mdahmedking6/DjangoWork/store/views.py changed, reloading.
2025-08-16 15:27:13,079 (INFO) - django.utils.autoreload - Watching for file changes with StatReloader
2025-08-16 15:27:14,077 (WARNING) - silk.profiling.profiler - Cannot execute silk_profile as silk is not installed correctly.
2025-08-16 15:27:15,340 (INFO) - django.utils.autoreload - /Users/mdahmedking6/DjangoWork/store/views.py changed, reloading.
2025-08-16 15:27:15,845 (INFO) - django.utils.autoreload - Watching for file changes with StatReloader
2025-08-16 15:27:16,857 (WARNING) - silk.profiling.profiler - Cannot execute silk_profile as silk is not installed correctly.
2025-08-16 15:27:19,133 (INFO) - django.utils.autoreload - /Users/mdahmedking6/DjangoWork/store/views.py changed, reloading.
2025-08-16 15:27:19,648 (INFO) - django.utils.autoreload - Watching for file changes with StatReloader
2025-08-16 15:27:20,666 (WARNING) - silk.profiling.profiler - Cannot execute silk_profile as silk is not installed correctly.
2025-08-16 15:27:27,082 (INFO) - django.utils.autoreload - /Users/mdahmedking6/DjangoWork/store/views.py changed, reloading.
2025-08-16 15:27:27,611 (INFO) - django.utils.autoreload - Watching for file changes with StatReloader
2025-08-16 15:27:28,671 (WARNING) - silk.profiling.profiler - Cannot execute silk_profile as silk is not installed correctly.
2025-08-16 15:27:33,009 (INFO) - django.utils.autoreload - /Users/mdahmedking6/DjangoWork/store/views.py changed, reloading.
2025-08-16 15:27:33,528 (INFO) - django.utils.autoreload - Watching for file changes with StatReloader
2025-08-16 15:27:34,563 (WARNING) - silk.profiling.profiler - Cannot execute silk_profile as silk is not installed correctly.
2025-08-16 15:27:45,143 (INFO) - django.utils.autoreload - /Users/mdahmedking6/DjangoWork/store/views.py changed, reloading.
2025-08-16 15:27:45,726 (INFO) - django.utils.autoreload - Watching for file changes with StatReloader
2025-08-16 15:27:46,758 (WARNING) - silk.profiling.profiler - Cannot execute silk_profile as silk is not installed correctly.
2025-08-16 15:27:50,068 (INFO) - django.utils.autoreload - /Users/mdahmedking6/DjangoWork/store/views.py changed, reloading.
2025-08-16 15:27:50,599 (INFO) - django.utils.autoreload - Watching for file changes with StatReloader
2025-08-16 15:27:51,646 (WARNING) - silk.profiling.profiler - Cannot execute silk_profile as silk is not installed correctly.
2025-08-16 15:27:57,059 (INFO) - django.utils.autoreload - /Users/mdahmedking6/DjangoWork/store/views.py changed, reloading.
2025-08-16 15:27:57,610 (INFO) - django.utils.autoreload - Watching for file changes with StatReloader
2025-08-16 15:27:58,619 (WARNING) - silk.profiling.profiler - Cannot execute silk_profile as silk is not installed correctly.
2025-08-16 15:28:01,923 (INFO) - django.utils.autoreload - /Users/mdahmedking6/DjangoWork/store/views.py changed, reloading.
2025-08-16 15:28:02,412 (INFO) - django.utils.autoreload - Watching for file changes with StatReloader
2025-08-16 15:28:03,398 (WARNING) - silk.profiling.profiler - Cannot execute silk_profile as silk is not installed correctly.
2025-08-16 15:28:06,695 (INFO) - django.utils.autoreload - /Users/mdahmedking6/DjangoWork/store/views.py changed, reloading.
2025-08-16 15:28:07,206 (INFO) - django.utils.autoreload - Watching for file changes with StatReloader
2025-08-16 15:28:08,203 (WARNING) - silk.profiling.profiler - Cannot execute silk_profile as silk is not installed correctly.
2025-08-16 15:28:14,558 (INFO) - django.utils.autoreload - /Users/mdahmedking6/DjangoWork/store/views.py changed, reloading.
2025-08-16 15:28:15,096 (INFO) - django.utils.autoreload - Watching for file changes with StatReloader
2025-08-16 15:28:16,157 (WARNING) - silk.profiling.profiler - Cannot execute silk_profile as silk is not installed correctly.
2025-08-16 15:28:17,419 (INFO) - django.utils.autoreload - /Users/mdahmedking6/DjangoWork/store/views.py changed, reloading.
2025-08-16 15:28:17,898 (INFO) - django.utils.autoreload - Watching for file changes with StatReloader
2025-08-16 15:28:18,891 (WARNING) - silk.profiling.profiler - Cannot execute silk_profile as silk is not installed correctly.
2025-08-16 15:28:21,173 (INFO) - django.utils.autoreload - /Users/mdahmedking6/DjangoWork/store/views.py changed, reloading.
2025-08-16 15:28:21,711 (INFO) - django.utils.autoreload - Watching for file changes with StatReloader
2025-08-16 15:28:22,742 (WARNING) - silk.profiling.profiler - Cannot execute silk_profile as silk is not installed correctly.
2025-08-16 15:28:24,028 (INFO) - django.utils.autoreload - /Users/mdahmedking6/DjangoWork/store/views.py changed, reloading.
2025-08-16 15:28:24,520 (INFO) - django.utils.autoreload - Watching for file changes with StatReloader
2025-08-16 15:28:25,525 (WARNING) - silk.profiling.profiler - Cannot execute silk_profile as silk is not installed correctly.
2025-08-16 15:28:32,923 (INFO) - django.utils.autoreload - /Users/mdahmedking6/DjangoWork/store/views.py changed, reloading.
2025-08-16 15:28:33,419 (INFO) - django.utils.autoreload - Watching for file changes with StatReloader
2025-08-16 15:28:34,434 (WARNING) - silk.profiling.profiler - Cannot execute silk_profile as silk is not installed correctly.
2025-08-16 18:15:58,057 (INFO) - django.utils.autoreload - /Users/mdahmedking6/DjangoWork/store/views.py changed, reloading.
2025-08-16 18:15:58,593 (INFO) - django.utils.autoreload - Watching for file changes with StatReloader
2025-08-16 18:16:06,126 (INFO) - django.utils.autoreload - /Users/mdahmedking6/DjangoWork/store/views.py changed, reloading.
2025-08-16 18:16:06,604 (INFO) - django.utils.autoreload - Watching for file changes with StatReloader
2025-08-16 18:16:47,726 (INFO) - django.utils.autoreload - Watching for file changes with StatReloader
2025-08-16 18:16:48,742 (WARNING) - silk.profiling.profiler - Cannot execute silk_profile as silk is not installed correctly.
2025-08-16 18:16:59,409 (INFO) - django.utils.autoreload - /Users/mdahmedking6/DjangoWork/store/views.py changed, reloading.
2025-08-16 18:16:59,919 (INFO) - django.utils.autoreload - Watching for file changes with StatReloader
2025-08-16 18:17:08,263 (INFO) - django.utils.autoreload - /Users/mdahmedking6/DjangoWork/store/views.py changed, reloading.
2025-08-16 18:17:08,767 (INFO) - django.utils.autoreload - Watching for file changes with StatReloader
2025-08-16 18:17:09,776 (WARNING) - silk.profiling.profiler - Cannot execute silk_profile as silk is not installed correctly.
2025-08-16 18:17:12,743 (WARNING) - django.request - Unauthorized: /store/carts/
2025-08-16 18:17:20,302 (INFO) - stripe - message='Request to Stripe api' method=post url=https://api.stripe.com/v1/checkout/sessions
2025-08-16 18:17:21,032 (INFO) - stripe - message='Stripe API response' path=https://api.stripe.com/v1/checkout/sessions response_code=200
2025-08-16 18:18:23,894 (INFO) - django.utils.autoreload - Watching for file changes with StatReloader
2025-08-16 18:18:25,239 (WARNING) - silk.profiling.profiler - Cannot execute silk_profile as silk is not installed correctly.
2025-08-16 18:19:07,264 (INFO) - stripe - message='Request to Stripe api' method=post url=https://api.stripe.com/v1/checkout/sessions
2025-08-16 18:19:08,043 (INFO) - stripe - message='Stripe API response' path=https://api.stripe.com/v1/checkout/sessions response_code=200
2025-08-16 18:19:35,136 (INFO) - stripe - message='Request to Stripe api' method=post url=https://api.stripe.com/v1/checkout/sessions
2025-08-16 18:19:35,692 (INFO) - stripe - message='Stripe API response' path=https://api.stripe.com/v1/checkout/sessions response_code=200
